<?xml version="1.0" encoding="UTF-8"?>
<!-- Generated by org.testng.reporters.JUnitReportReporter -->
<testsuite skipped="0" hostname="Aman-PC" name="aequilibrium.Tests" tests="1" failures="0" timestamp="2021-03-22T22:41:13 EDT" time="5.539" errors="0">
  <testcase name="init" time="5.539" classname="aequilibrium.Tests"/>
  <system-out/>
</testsuite> <!-- aequilibrium.Tests -->
