<?xml version="1.0" encoding="UTF-8"?>
<!-- Generated by org.testng.reporters.JUnitReportReporter -->
<testsuite skipped="0" hostname="Aman-PC" name="aequilibrium.LoginFeature" tests="1" failures="0" timestamp="2021-03-20T23:20:02 EDT" time="21.956" errors="0">
  <testcase name="TestCase2" time="21.956" classname="aequilibrium.LoginFeature"/>
  <system-out/>
</testsuite> <!-- aequilibrium.LoginFeature -->
